<?xml version="1.0" encoding="UTF-8"?>
<!-- Generated by org.testng.reporters.JUnitReportReporter -->
<testsuite hostname="Tejaswis-MBP" failures="0" tests="1" name="com.jenkins_demo.selenium.SelDemo" time="0.007" errors="0" timestamp="2021-03-11T15:13:11 IST" skipped="0">
  <testcase classname="com.jenkins_demo.selenium.SelDemo" name="printSel" time="0.007"/>
  <system-out/>
</testsuite> <!-- com.jenkins_demo.selenium.SelDemo -->
